Executing (default): CREATE TABLE IF NOT EXISTS `users` (`id` INTEGER(9) NOT NULL auto_increment , `user_name` VARCHAR(50) NOT NULL, `password` VARCHAR(100) NOT NULL DEFAULT '', `first_name` VARCHAR(50) NOT NULL DEFAULT '', `last_name` VARCHAR(50) NOT NULL DEFAULT '', `age` INTEGER(3) UNSIGNED NOT NULL, `phone` VARCHAR(10) NOT NULL DEFAULT '', `address` TEXT NOT NULL, `profile_image` VARCHAR(10), `created_at` DATETIME NOT NULL DEFAULT '2021-02-10 08:06:50', `updated_at` DATETIME, `deleted_at` DATETIME, PRIMARY KEY (`id`)) ENGINE=InnoDB;
Executing (default): SHOW INDEX FROM `users`
Executing (default): SELECT 1+1 AS result
Connection has been established successfully.
Site is live
Executing (default): CREATE TABLE IF NOT EXISTS `users` (`id` INTEGER(9) NOT NULL auto_increment , `user_name` VARCHAR(50) NOT NULL, `password` VARCHAR(100) NOT NULL DEFAULT '', `first_name` VARCHAR(50) NOT NULL DEFAULT '', `last_name` VARCHAR(50) NOT NULL DEFAULT '', `age` INTEGER(3) UNSIGNED NOT NULL, `phone` VARCHAR(10) NOT NULL DEFAULT '', `address` TEXT NOT NULL, `profile_image` VARCHAR(10), `created_at` DATETIME NOT NULL DEFAULT '2021-02-10 08:08:43', `updated_at` DATETIME, `deleted_at` DATETIME, PRIMARY KEY (`id`)) ENGINE=InnoDB;
Executing (default): SHOW INDEX FROM `users`
Executing (default): SELECT 1+1 AS result
Connection has been established successfully.
Site is live
Executing (default): CREATE TABLE IF NOT EXISTS `users` (`id` INTEGER(9) NOT NULL auto_increment , `user_name` VARCHAR(50) NOT NULL, `password` VARCHAR(100) NOT NULL DEFAULT '', `first_name` VARCHAR(50) NOT NULL DEFAULT '', `last_name` VARCHAR(50) NOT NULL DEFAULT '', `age` INTEGER(3) UNSIGNED NOT NULL, `phone` VARCHAR(10) NOT NULL DEFAULT '', `address` TEXT NOT NULL, `profile_image` VARCHAR(10), `created_at` DATETIME NOT NULL DEFAULT '2021-02-10 08:08:59', `updated_at` DATETIME, `deleted_at` DATETIME, PRIMARY KEY (`id`)) ENGINE=InnoDB;
Executing (default): SHOW INDEX FROM `users`
Executing (default): SELECT 1+1 AS result
Connection has been established successfully.
Site is live
Executing (default): CREATE TABLE IF NOT EXISTS `users` (`id` INTEGER(9) NOT NULL auto_increment , `user_name` VARCHAR(50) NOT NULL, `password` VARCHAR(100) NOT NULL DEFAULT '', `first_name` VARCHAR(50) NOT NULL DEFAULT '', `last_name` VARCHAR(50) NOT NULL DEFAULT '', `age` INTEGER(3) UNSIGNED NOT NULL, `phone` VARCHAR(10) NOT NULL DEFAULT '', `address` TEXT NOT NULL, `profile_image` VARCHAR(10), `created_at` DATETIME NOT NULL DEFAULT '2021-02-10 08:09:27', `updated_at` DATETIME, `deleted_at` DATETIME, PRIMARY KEY (`id`)) ENGINE=InnoDB;
Executing (default): SHOW INDEX FROM `users`
Executing (default): SELECT 1+1 AS result
Connection has been established successfully.
Site is live
ReferenceError: err is not defined
    at /mnt/1A20FE6713E11760/Projects/makestories/backend/index.js:41:39
    at Layer.handle [as handle_request] (/mnt/1A20FE6713E11760/Projects/makestories/backend/node_modules/express/lib/router/layer.js:95:5)
    at trim_prefix (/mnt/1A20FE6713E11760/Projects/makestories/backend/node_modules/express/lib/router/index.js:317:13)
    at /mnt/1A20FE6713E11760/Projects/makestories/backend/node_modules/express/lib/router/index.js:284:7
    at Function.process_params (/mnt/1A20FE6713E11760/Projects/makestories/backend/node_modules/express/lib/router/index.js:335:12)
    at next (/mnt/1A20FE6713E11760/Projects/makestories/backend/node_modules/express/lib/router/index.js:275:10)
    at /mnt/1A20FE6713E11760/Projects/makestories/backend/node_modules/express/lib/router/index.js:635:15
    at next (/mnt/1A20FE6713E11760/Projects/makestories/backend/node_modules/express/lib/router/index.js:260:14)
    at Function.handle (/mnt/1A20FE6713E11760/Projects/makestories/backend/node_modules/express/lib/router/index.js:174:3)
    at router (/mnt/1A20FE6713E11760/Projects/makestories/backend/node_modules/express/lib/router/index.js:47:12)
ReferenceError: err is not defined
    at /mnt/1A20FE6713E11760/Projects/makestories/backend/index.js:41:39
    at Layer.handle [as handle_request] (/mnt/1A20FE6713E11760/Projects/makestories/backend/node_modules/express/lib/router/layer.js:95:5)
    at trim_prefix (/mnt/1A20FE6713E11760/Projects/makestories/backend/node_modules/express/lib/router/index.js:317:13)
    at /mnt/1A20FE6713E11760/Projects/makestories/backend/node_modules/express/lib/router/index.js:284:7
    at Function.process_params (/mnt/1A20FE6713E11760/Projects/makestories/backend/node_modules/express/lib/router/index.js:335:12)
    at next (/mnt/1A20FE6713E11760/Projects/makestories/backend/node_modules/express/lib/router/index.js:275:10)
    at /mnt/1A20FE6713E11760/Projects/makestories/backend/node_modules/express/lib/router/index.js:635:15
    at next (/mnt/1A20FE6713E11760/Projects/makestories/backend/node_modules/express/lib/router/index.js:260:14)
    at Function.handle (/mnt/1A20FE6713E11760/Projects/makestories/backend/node_modules/express/lib/router/index.js:174:3)
    at router (/mnt/1A20FE6713E11760/Projects/makestories/backend/node_modules/express/lib/router/index.js:47:12)
ReferenceError: err is not defined
    at /mnt/1A20FE6713E11760/Projects/makestories/backend/index.js:41:39
    at Layer.handle [as handle_request] (/mnt/1A20FE6713E11760/Projects/makestories/backend/node_modules/express/lib/router/layer.js:95:5)
    at trim_prefix (/mnt/1A20FE6713E11760/Projects/makestories/backend/node_modules/express/lib/router/index.js:317:13)
    at /mnt/1A20FE6713E11760/Projects/makestories/backend/node_modules/express/lib/router/index.js:284:7
    at Function.process_params (/mnt/1A20FE6713E11760/Projects/makestories/backend/node_modules/express/lib/router/index.js:335:12)
    at next (/mnt/1A20FE6713E11760/Projects/makestories/backend/node_modules/express/lib/router/index.js:275:10)
    at /mnt/1A20FE6713E11760/Projects/makestories/backend/node_modules/express/lib/router/index.js:635:15
    at next (/mnt/1A20FE6713E11760/Projects/makestories/backend/node_modules/express/lib/router/index.js:260:14)
    at Function.handle (/mnt/1A20FE6713E11760/Projects/makestories/backend/node_modules/express/lib/router/index.js:174:3)
    at router (/mnt/1A20FE6713E11760/Projects/makestories/backend/node_modules/express/lib/router/index.js:47:12)
ReferenceError: err is not defined
    at /mnt/1A20FE6713E11760/Projects/makestories/backend/index.js:41:39
    at Layer.handle [as handle_request] (/mnt/1A20FE6713E11760/Projects/makestories/backend/node_modules/express/lib/router/layer.js:95:5)
    at trim_prefix (/mnt/1A20FE6713E11760/Projects/makestories/backend/node_modules/express/lib/router/index.js:317:13)
    at /mnt/1A20FE6713E11760/Projects/makestories/backend/node_modules/express/lib/router/index.js:284:7
    at Function.process_params (/mnt/1A20FE6713E11760/Projects/makestories/backend/node_modules/express/lib/router/index.js:335:12)
    at next (/mnt/1A20FE6713E11760/Projects/makestories/backend/node_modules/express/lib/router/index.js:275:10)
    at /mnt/1A20FE6713E11760/Projects/makestories/backend/node_modules/express/lib/router/index.js:635:15
    at next (/mnt/1A20FE6713E11760/Projects/makestories/backend/node_modules/express/lib/router/index.js:260:14)
    at Function.handle (/mnt/1A20FE6713E11760/Projects/makestories/backend/node_modules/express/lib/router/index.js:174:3)
    at router (/mnt/1A20FE6713E11760/Projects/makestories/backend/node_modules/express/lib/router/index.js:47:12)
Executing (default): SELECT `id`, `user_name` AS `userName`, `password`, `first_name` AS `firstName`, `last_name` AS `lastName`, `age`, `phone`, `address`, `profile_image` AS `ax`, `created_at` AS `createdAt`, `updated_at` AS `updatedAt`, `deleted_at` AS `deletedAt` FROM `users` AS `User` WHERE `User`.`id` = 1 AND `User`.`deleted_at` IS NULL;
(node:5182) UnhandledPromiseRejectionWarning: SequelizeConnectionRefusedError: connect ECONNREFUSED 127.0.0.1:3306
    at ConnectionManager.connect (/mnt/1A20FE6713E11760/Projects/makestories/backend/node_modules/sequelize/lib/dialects/mysql/connection-manager.js:116:17)
    at processTicksAndRejections (internal/process/task_queues.js:97:5)
(node:5182) UnhandledPromiseRejectionWarning: Unhandled promise rejection. This error originated either by throwing inside of an async function without a catch block, or by rejecting a promise which was not handled with .catch(). To terminate the node process on unhandled promise rejection, use the CLI flag `--unhandled-rejections=strict` (see https://nodejs.org/api/cli.html#cli_unhandled_rejections_mode). (rejection id: 1)
(node:5182) [DEP0018] DeprecationWarning: Unhandled promise rejections are deprecated. In the future, promise rejections that are not handled will terminate the Node.js process with a non-zero exit code.
(node:28513) UnhandledPromiseRejectionWarning: SequelizeConnectionRefusedError: connect ECONNREFUSED 127.0.0.1:3306
    at ConnectionManager.connect (/mnt/1A20FE6713E11760/Projects/makestories/backend/node_modules/sequelize/lib/dialects/mysql/connection-manager.js:116:17)
    at processTicksAndRejections (internal/process/task_queues.js:97:5)
(node:28513) UnhandledPromiseRejectionWarning: Unhandled promise rejection. This error originated either by throwing inside of an async function without a catch block, or by rejecting a promise which was not handled with .catch(). To terminate the node process on unhandled promise rejection, use the CLI flag `--unhandled-rejections=strict` (see https://nodejs.org/api/cli.html#cli_unhandled_rejections_mode). (rejection id: 1)
(node:28513) [DEP0018] DeprecationWarning: Unhandled promise rejections are deprecated. In the future, promise rejections that are not handled will terminate the Node.js process with a non-zero exit code.
